<?xml version="1.0"?>
<testsuites failures="0" errors="0" tests="1" skipped="0">
  <testsuite name="Root Suite" timestamp="2022-10-04T23:17:12" tests="0" file="cypress/integration/RecordTripTest.js" time="0.000" failures="0"/>
  <testsuite name="Visiting Record Trips Page" timestamp="2022-10-04T23:17:12" tests="1" time="4.004" failures="0">
    <testcase name="Visiting Record Trips Page visits" time="2.722" classname="visits"/>
  </testsuite>
</testsuites>